Commit on 2025-01-11 22:49:28: Add documentation
Commit on 2025-01-11 07:08:56: Add unit tests
Commit on 2025-01-11 13:32:13: Update dependencies
Commit on 2025-01-11 22:00:50: Update schema
Commit on 2025-01-12 14:53:36: Update styles
Commit on 2025-01-12 09:39:34: Update dependencies
Commit on 2025-01-12 17:05:15: Update gitignore
Commit on 2025-01-12 11:09:22: Fix formatting
Commit on 2025-01-12 15:36:15: Fix CORS issue
Commit on 2025-01-12 19:05:52: Fix security issue
Commit on 2025-01-12 12:10:25: Clean up code
Commit on 2025-01-12 21:39:06: Fix CORS issue
Commit on 2025-01-12 11:59:30: Fix linting issues
Commit on 2025-01-12 09:13:49: Add logging
Commit on 2025-01-12 22:39:59: Improve accessibility
Commit on 2025-01-12 13:45:19: Fix memory leak
Commit on 2025-01-13 11:03:55: Update config
Commit on 2025-01-13 23:53:16: Fix race condition
Commit on 2025-01-13 18:19:33: Update package.json
Commit on 2025-01-13 20:00:08: Update config
Commit on 2025-01-13 20:50:22: Update package.json
Commit on 2025-01-13 11:04:29: Add feature
Commit on 2025-01-13 09:59:40: Update gitignore
Commit on 2025-01-13 18:40:31: Update package.json
Commit on 2025-01-14 14:10:09: Fix edge case
Commit on 2025-01-14 13:23:51: Fix formatting
Commit on 2025-01-14 20:35:55: Update types
Commit on 2025-01-14 20:36:46: Clean up code
Commit on 2025-01-14 16:18:15: Improve performance
Commit on 2025-01-14 14:24:44: Add comments
Commit on 2025-01-14 07:26:15: Update config
Commit on 2025-01-14 12:53:43: Update README
Commit on 2025-01-14 13:09:11: Improve accessibility
Commit on 2025-01-14 12:07:31: Fix race condition
Commit on 2025-01-14 09:07:07: Fix memory leak
Commit on 2025-01-14 13:19:19: Add tests
Commit on 2025-01-14 09:35:14: Optimize imports
Commit on 2025-01-15 22:28:14: Update schema
Commit on 2025-01-15 14:33:06: Fix linting issues
Commit on 2025-01-15 18:40:04: Fix formatting
Commit on 2025-01-15 17:07:15: Fix formatting
Commit on 2025-01-15 10:46:57: Fix CORS issue
Commit on 2025-01-15 08:09:14: Update README
Commit on 2025-01-15 21:57:30: Improve accessibility
Commit on 2025-01-15 20:49:22: Add comments
Commit on 2025-01-15 11:01:08: Optimize imports
Commit on 2025-01-16 07:21:35: Add middleware
Commit on 2025-01-16 15:49:28: Add tests
Commit on 2025-01-16 19:31:59: Improve accessibility
Commit on 2025-01-16 21:02:14: Add middleware
Commit on 2025-01-16 21:32:16: Clean up code
Commit on 2025-01-16 23:06:39: Optimize imports
Commit on 2025-01-16 22:22:06: Fix typo
Commit on 2025-01-16 19:43:45: Update dependencies
Commit on 2025-01-16 17:23:49: Add documentation
Commit on 2025-01-16 10:22:26: Optimize imports
Commit on 2025-01-16 10:57:28: Add unit tests
Commit on 2025-01-17 17:31:35: Refactor code
Commit on 2025-01-17 12:48:33: Update API
Commit on 2025-01-17 11:11:20: Update package.json
Commit on 2025-01-17 12:50:38: Update API
Commit on 2025-01-17 22:57:45: Fix security issue
Commit on 2025-01-17 11:36:28: Add tests
Commit on 2025-01-17 23:44:09: Update documentation
Commit on 2025-01-17 12:45:00: Add logging
